<?xml version="1.0" encoding="UTF-8"?>
<!-- Generated by org.testng.reporters.JUnitReportReporter -->
<testsuite skipped="0" hostname="hp-PC" name="com.trackx.truelocate.flow.SiteCreateFlow" tests="2" failures="0" timestamp="14 Nov 2017 07:45:07 GMT" time="31.298" errors="0">
  <testcase name="siteclickflow" time="15.307" classname="com.trackx.truelocate.flow.SiteCreateFlow"/>
  <testcase name="siteCreationFlow" time="15.991" classname="com.trackx.truelocate.flow.SiteCreateFlow"/>
</testsuite> <!-- com.trackx.truelocate.flow.SiteCreateFlow -->
